1609877669406	geckodriver	INFO	Listening on 127.0.0.1:54473
1609877672464	mozrunner::runner	INFO	Running command: "C:\\Program Files\\Mozilla Firefox\\firefox.exe" "--marionette" "-foreground" "-no-remote" "-profile" "C:\\Users\\ALEJAN~1\\AppData\\Local\\Temp\\rust_mozprofileviifJ7"
Can't find symbol 'eglSwapBuffersWithDamageEXT'.
Can't find symbol 'eglSetDamageRegionKHR'.
console.warn: SearchSettings: "get: No settings file exists, new profile?" (new Error("", "(unknown module)"))
1609877693212	Marionette	INFO	Listening on port 54481
1609877693774	Marionette	WARN	TLS certificate errors will be ignored for this session
console.error: "stylesheets actor: fetch failed for https://stackpath.bootstrapcdn.com/bootstrap/4.5.0/css/bootstrap.min.css, using system principal instead."
console.error: "stylesheets actor: fetch failed for https://stackpath.bootstrapcdn.com/bootstrap/4.5.0/css/bootstrap.min.css, using system principal instead."
console.error: "stylesheets actor: fetch failed for https://stackpath.bootstrapcdn.com/bootstrap/4.5.0/css/bootstrap.min.css, using system principal instead."
console.error: "stylesheets actor: fetch failed for https://stackpath.bootstrapcdn.com/bootstrap/4.5.0/css/bootstrap.min.css, using system principal instead."
console.error: "stylesheets actor: fetch failed for https://stackpath.bootstrapcdn.com/bootstrap/4.5.0/css/bootstrap.min.css, using system principal instead."
console.error: "stylesheets actor: fetch failed for https://stackpath.bootstrapcdn.com/bootstrap/4.5.0/css/bootstrap.min.css, using system principal instead."
1609878035706	Marionette	INFO	Stopped listening on port 54481

###!!! [Child][RunMessage] Error: Channel closing: too late to send/recv, messages will be lost

1609878057182	geckodriver	INFO	Listening on 127.0.0.1:54578
1609878060773	mozrunner::runner	INFO	Running command: "C:\\Program Files\\Mozilla Firefox\\firefox.exe" "--marionette" "-foreground" "-no-remote" "-profile" "C:\\Users\\ALEJAN~1\\AppData\\Local\\Temp\\rust_mozprofile07kKux"
Can't find symbol 'eglSwapBuffersWithDamageEXT'.
Can't find symbol 'eglSetDamageRegionKHR'.
console.warn: SearchSettings: "get: No settings file exists, new profile?" (new Error("", "(unknown module)"))
1609878081111	Marionette	INFO	Listening on port 54587
1609878081406	Marionette	WARN	TLS certificate errors will be ignored for this session
1609878095751	Marionette	INFO	Stopped listening on port 54587

###!!! [Child][RunMessage] Error: Channel closing: too late to send/recv, messages will be lost

1609878111061	geckodriver	INFO	Listening on 127.0.0.1:54657
1609878114093	mozrunner::runner	INFO	Running command: "C:\\Program Files\\Mozilla Firefox\\firefox.exe" "--marionette" "-foreground" "-no-remote" "-profile" "C:\\Users\\ALEJAN~1\\AppData\\Local\\Temp\\rust_mozprofileIVJ8gy"
Can't find symbol 'eglSwapBuffersWithDamageEXT'.
Can't find symbol 'eglSetDamageRegionKHR'.
console.warn: SearchSettings: "get: No settings file exists, new profile?" (new Error("", "(unknown module)"))
1609878121870	Marionette	INFO	Listening on port 54665
1609878122112	Marionette	WARN	TLS certificate errors will be ignored for this session
1609878134146	Marionette	INFO	Stopped listening on port 54665
[Parent 14816, Gecko_IOThread] WARNING: file /builds/worker/checkouts/gecko/ipc/chromium/src/base/process_util_win.cc:166

###!!! [Child][RunMessage] Error: Channel closing: too late to send/recv, messages will be lost

1609878266237	geckodriver	INFO	Listening on 127.0.0.1:54729
1609878269270	mozrunner::runner	INFO	Running command: "C:\\Program Files\\Mozilla Firefox\\firefox.exe" "--marionette" "-foreground" "-no-remote" "-profile" "C:\\Users\\ALEJAN~1\\AppData\\Local\\Temp\\rust_mozprofilePlvt8M"
Can't find symbol 'eglSwapBuffersWithDamageEXT'.
Can't find symbol 'eglSetDamageRegionKHR'.
console.warn: SearchSettings: "get: No settings file exists, new profile?" (new Error("", "(unknown module)"))
1609878276805	Marionette	INFO	Listening on port 54737
1609878277448	Marionette	WARN	TLS certificate errors will be ignored for this session
console.error: Region.jsm: "Error fetching region" (new Error("TIMEOUT", "resource://gre/modules/Region.jsm", 726))
console.error: Region.jsm: "Failed to fetch region" (new Error("TIMEOUT", "resource://gre/modules/Region.jsm", 376))
1609878299975	Marionette	INFO	Stopped listening on port 54737

###!!! [Child][RunMessage] Error: Channel closing: too late to send/recv, messages will be lost

1609878341720	geckodriver	INFO	Listening on 127.0.0.1:54793
1609878344752	mozrunner::runner	INFO	Running command: "C:\\Program Files\\Mozilla Firefox\\firefox.exe" "--marionette" "-foreground" "-no-remote" "-profile" "C:\\Users\\ALEJAN~1\\AppData\\Local\\Temp\\rust_mozprofileiJmWNM"
Can't find symbol 'eglSwapBuffersWithDamageEXT'.
Can't find symbol 'eglSetDamageRegionKHR'.
console.warn: SearchSettings: "get: No settings file exists, new profile?" (new Error("", "(unknown module)"))
1609878352769	Marionette	INFO	Listening on port 54801
1609878353281	Marionette	WARN	TLS certificate errors will be ignored for this session
1609878377816	Marionette	INFO	Stopped listening on port 54801
JavaScript error: resource://activity-stream/lib/ASRouter.jsm, line 987: NS_ERROR_ILLEGAL_VALUE: Component returned failure code: 0x80070057 (NS_ERROR_ILLEGAL_VALUE) [nsIObserverService.removeObserver]

###!!! [Child][RunMessage] Error: Channel closing: too late to send/recv, messages will be lost

1609962203819	geckodriver	INFO	Listening on 127.0.0.1:61313
1609962206948	mozrunner::runner	INFO	Running command: "C:\\Program Files\\Mozilla Firefox\\firefox.exe" "--marionette" "-foreground" "-no-remote" "-profile" "C:\\Users\\ALEJAN~1\\AppData\\Local\\Temp\\rust_mozprofileMF6GSU"
Can't find symbol 'eglSwapBuffersWithDamageEXT'.
Can't find symbol 'eglSetDamageRegionKHR'.
console.warn: SearchSettings: "get: No settings file exists, new profile?" (new Error("", "(unknown module)"))
1609962249986	Marionette	INFO	Listening on port 61322
1609962250940	Marionette	WARN	TLS certificate errors will be ignored for this session
1609962260064	Marionette	INFO	Stopped listening on port 61322

###!!! [Child][RunMessage] Error: Channel closing: too late to send/recv, messages will be lost

1609962276498	geckodriver	INFO	Listening on 127.0.0.1:61402
1609962279517	mozrunner::runner	INFO	Running command: "C:\\Program Files\\Mozilla Firefox\\firefox.exe" "--marionette" "-foreground" "-no-remote" "-profile" "C:\\Users\\ALEJAN~1\\AppData\\Local\\Temp\\rust_mozprofileYL1dtP"
Can't find symbol 'eglSwapBuffersWithDamageEXT'.
Can't find symbol 'eglSetDamageRegionKHR'.
console.warn: SearchSettings: "get: No settings file exists, new profile?" (new Error("", "(unknown module)"))
1609962287131	Marionette	INFO	Listening on port 61410
1609962287550	Marionette	WARN	TLS certificate errors will be ignored for this session
JavaScript warning: http://127.0.0.1:5000/static/jquery.min.js, line 2: Using //@ to indicate sourceMappingURL pragmas is deprecated. Use //# instead
JavaScript error: resource:///modules/UrlbarInput.jsm, line 2890: TypeError: event.target.closest is not a function
JavaScript warning: http://127.0.0.1:5000/static/jquery.min.js, line 2: Using //@ to indicate sourceMappingURL pragmas is deprecated. Use //# instead
JavaScript warning: http://127.0.0.1:5000/static/jquery.min.js, line 2: Using //@ to indicate sourceMappingURL pragmas is deprecated. Use //# instead
JavaScript warning: http://127.0.0.1:5000/static/jquery.min.js, line 2: Using //@ to indicate sourceMappingURL pragmas is deprecated. Use //# instead
JavaScript error: resource:///modules/UrlbarInput.jsm, line 2890: TypeError: event.target.closest is not a function
JavaScript error: resource:///modules/UrlbarInput.jsm, line 2890: TypeError: event.target.closest is not a function
1609967737329	Marionette	INFO	Stopped listening on port 61410
